<?xml version="1.0" encoding="UTF-8"?>
<testsuite name="HISWebservice.Exam" tests="1" failures="0" errors="0" time="6.909"><properties><property name="soapui.properties" value="soapui.properties"/><property name="java.runtime.name" value="Java(TM) SE Runtime Environment"/><property name="sun.boot.library.path" value="C:\Program Files\SmartBear\SoapUI-5.0.0\jre\bin"/><property name="java.vm.version" value="24.0-b56"/><property name="soapui.ext.actions" value="C:\Program Files\SmartBear\SoapUI-5.0.0\bin\actions"/><property name="soapui.ext.libraries" value="C:\Program Files\SmartBear\SoapUI-5.0.0\bin\ext"/><property name="java.vm.vendor" value="Oracle Corporation"/><property name="java.vendor.url" value="http://java.oracle.com/"/><property name="path.separator" value=";"/><property name="java.vm.name" value="Java HotSpot(TM) 64-Bit Server VM"/><property name="file.encoding.pkg" value="sun.io"/><property name="user.country" value="CN"/><property name="user.script" value=""/><property name="sun.java.launcher" value="SUN_STANDARD"/><property name="sun.os.patch.level" value=""/><property name="java.vm.specification.name" value="Java Virtual Machine Specification"/><property name="user.dir" value="C:\Program Files\SmartBear\SoapUI-5.0.0\bin"/><property name="java.runtime.version" value="1.7.0_40-b43"/><property name="java.awt.graphicsenv" value="sun.awt.Win32GraphicsEnvironment"/><property name="java.endorsed.dirs" value="C:\Program Files\SmartBear\SoapUI-5.0.0\jre\lib\endorsed"/><property name="os.arch" value="amd64"/><property name="java.io.tmpdir" value="C:\Users\Cloudie\AppData\Local\Temp\"/><property name="line.separator" value="
"/><property name="java.vm.specification.vendor" value="Oracle Corporation"/><property name="user.variant" value=""/><property name="os.name" value="Windows 8"/><property name="sun.jnu.encoding" value="Cp1252"/><property name="java.library.path" value="C:\Program Files\SmartBear\SoapUI-5.0.0\jre\bin;C:\Windows\Sun\Java\bin;C:\Windows\system32;C:\Windows;C:\Program Files (x86)\Intel\iCLS Client\;C:\Program Files\Intel\iCLS Client\;C:\Windows\system32;C:\Windows;C:\Windows\System32\Wbem;C:\Windows\System32\WindowsPowerShell\v1.0\;C:\Program Files (x86)\Intel\Intel(R) Management Engine Components\DAL;C:\Program Files\Intel\Intel(R) Management Engine Components\DAL;C:\Program Files (x86)\Intel\Intel(R) Management Engine Components\IPT;C:\Program Files\Intel\Intel(R) Management Engine Components\IPT;c:\Program Files (x86)\ATI Technologies\ATI.ACE\Core-Static;c:\program files\smartbear\soapui-5.0.0\jre\bin;."/><property name="soapui.home" value="C:\Program Files\SmartBear\SoapUI-5.0.0\bin\"/><property name="sun.awt.enableExtraMouseButtons" value="true"/><property name="java.specification.name" value="Java Platform API Specification"/><property name="java.class.version" value="51.0"/><property name="sun.management.compiler" value="HotSpot 64-Bit Tiered Compilers"/><property name="os.version" value="6.2"/><property name="user.home" value="C:\Users\Cloudie"/><property name="user.timezone" value="Asia/Shanghai"/><property name="java.awt.printerjob" value="sun.awt.windows.WPrinterJob"/><property name="file.encoding" value="Cp1252"/><property name="java.specification.version" value="1.7"/><property name="java.class.path" value="C:\Program Files\SmartBear\SoapUI-5.0.0\bin\soapui-5.0.0.jar;C:\Program Files\SmartBear\SoapUI-5.0.0\bin\..\lib\activation-1.1.jar;C:\Program Files\SmartBear\SoapUI-5.0.0\bin\..\lib\bcprov-jdk15-144.jar;C:\Program Files\SmartBear\SoapUI-5.0.0\bin\..\lib\binding-2.0.1.jar;C:\Program Files\SmartBear\SoapUI-5.0.0\bin\..\lib\cajo-1.142.jar;C:\Program Files\SmartBear\SoapUI-5.0.0\bin\..\lib\commons-beanutils-1.7.0.jar;C:\Program Files\SmartBear\SoapUI-5.0.0\bin\..\lib\commons-cli-1.0.jar;C:\Program Files\SmartBear\SoapUI-5.0.0\bin\..\lib\commons-codec-1.3.jar;C:\Program Files\SmartBear\SoapUI-5.0.0\bin\..\lib\commons-collections-3.2.1.jar;C:\Program Files\SmartBear\SoapUI-5.0.0\bin\..\lib\commons-httpclient-3.1.jar;C:\Program Files\SmartBear\SoapUI-5.0.0\bin\..\lib\commons-io-2.4.jar;C:\Program Files\SmartBear\SoapUI-5.0.0\bin\..\lib\commons-lang-2.4.jar;C:\Program Files\SmartBear\SoapUI-5.0.0\bin\..\lib\commons-logging-1.1.1.jar;C:\Program Files\SmartBear\SoapUI-5.0.0\bin\..\lib\cssparser-0.9.5.jar;C:\Program Files\SmartBear\SoapUI-5.0.0\bin\..\lib\dom4j-1.6.1.jar;C:\Program Files\SmartBear\SoapUI-5.0.0\bin\..\lib\downloader-1.0-SNAPSHOT.jar;C:\Program Files\SmartBear\SoapUI-5.0.0\bin\..\lib\ezmorph-1.0.5.jar;C:\Program Files\SmartBear\SoapUI-5.0.0\bin\..\lib\flex-messaging-common-1.0.jar;C:\Program Files\SmartBear\SoapUI-5.0.0\bin\..\lib\flex-messaging-core-1.0.jar;C:\Program Files\SmartBear\SoapUI-5.0.0\bin\..\lib\flex-messaging-opt-1.0.jar;C:\Program Files\SmartBear\SoapUI-5.0.0\bin\..\lib\flex-messaging-proxy-1.0.jar;C:\Program Files\SmartBear\SoapUI-5.0.0\bin\..\lib\flex-messaging-remoting-1.0.jar;C:\Program Files\SmartBear\SoapUI-5.0.0\bin\..\lib\forms-1.0.7.jar;C:\Program Files\SmartBear\SoapUI-5.0.0\bin\..\lib\groovy-all-2.1.7.jar;C:\Program Files\SmartBear\SoapUI-5.0.0\bin\..\lib\guava-14.0.jar;C:\Program Files\SmartBear\SoapUI-5.0.0\bin\..\lib\hamcrest-core-1.1.jar;C:\Program Files\SmartBear\SoapUI-5.0.0\bin\..\lib\hermes-1.14.jar;C:\Program Files\SmartBear\SoapUI-5.0.0\bin\..\lib\htmlunit-2.7.jar;C:\Program Files\SmartBear\SoapUI-5.0.0\bin\..\lib\htmlunit-core-js-2.7.jar;C:\Program Files\SmartBear\SoapUI-5.0.0\bin\..\lib\httpclient-4.1.1.jar;C:\Program Files\SmartBear\SoapUI-5.0.0\bin\..\lib\httpclient-cache-4.1.1.jar;C:\Program Files\SmartBear\SoapUI-5.0.0\bin\..\lib\httpcore-4.1.1.jar;C:\Program Files\SmartBear\SoapUI-5.0.0\bin\..\lib\httpcore-nio-4.1.1.jar;C:\Program Files\SmartBear\SoapUI-5.0.0\bin\..\lib\httpmime-4.1.1.jar;C:\Program Files\SmartBear\SoapUI-5.0.0\bin\..\lib\jaxen-1.1-beta-8.jar;C:\Program Files\SmartBear\SoapUI-5.0.0\bin\..\lib\jcifs-1.2.9.jar;C:\Program Files\SmartBear\SoapUI-5.0.0\bin\..\lib\jdom-1.0.jar;C:\Program Files\SmartBear\SoapUI-5.0.0\bin\..\lib\jettison-1.2.jar;C:\Program Files\SmartBear\SoapUI-5.0.0\bin\..\lib\jetty-6.1.26.jar;C:\Program Files\SmartBear\SoapUI-5.0.0\bin\..\lib\jetty-util-6.1.26.jar;C:\Program Files\SmartBear\SoapUI-5.0.0\bin\..\lib\jms-1.1.jar;C:\Program Files\SmartBear\SoapUI-5.0.0\bin\..\lib\joda-time-1.6.2.jar;C:\Program Files\SmartBear\SoapUI-5.0.0\bin\..\lib\js-1.7R2.jar;C:\Program Files\SmartBear\SoapUI-5.0.0\bin\..\lib\json-lib-2.2.2-jdk15.jar;C:\Program Files\SmartBear\SoapUI-5.0.0\bin\..\lib\jsr173_api-1.0.jar;C:\Program Files\SmartBear\SoapUI-5.0.0\bin\..\lib\jtidy-r872-jdk15.jar;C:\Program Files\SmartBear\SoapUI-5.0.0\bin\..\lib\junit-4.10.jar;C:\Program Files\SmartBear\SoapUI-5.0.0\bin\..\lib\l2fprod-common-directorychooser-7.3.jar;C:\Program Files\SmartBear\SoapUI-5.0.0\bin\..\lib\l2fprod-common-fontchooser-7.3.jar;C:\Program Files\SmartBear\SoapUI-5.0.0\bin\..\lib\log4j-1.2.14.jar;C:\Program Files\SmartBear\SoapUI-5.0.0\bin\..\lib\looks-2.2.0.jar;C:\Program Files\SmartBear\SoapUI-5.0.0\bin\..\lib\mail-1.4.jar;C:\Program Files\SmartBear\SoapUI-5.0.0\bin\..\lib\maven-plugin-api-2.0.jar;C:\Program Files\SmartBear\SoapUI-5.0.0\bin\..\lib\nekohtml-1.9.14.jar;C:\Program Files\SmartBear\SoapUI-5.0.0\bin\..\lib\not-yet-commons-ssl-0.3.11.jar;C:\Program Files\SmartBear\SoapUI-5.0.0\bin\..\lib\opensaml-2.5.1-1.jar;C:\Program Files\SmartBear\SoapUI-5.0.0\bin\..\lib\openws-1.4.2-1.jar;C:\Program Files\SmartBear\SoapUI-5.0.0\bin\..\lib\org.apache.oltu.oauth2.client-0.31.jar;C:\Program Files\SmartBear\SoapUI-5.0.0\bin\..\lib\org.apache.oltu.oauth2.common-0.31.jar;C:\Program Files\SmartBear\SoapUI-5.0.0\bin\..\lib\org.apache.oltu.oauth2.httpclient4-0.31.jar;C:\Program Files\SmartBear\SoapUI-5.0.0\bin\..\lib\proxy-vole-20131209.jar;C:\Program Files\SmartBear\SoapUI-5.0.0\bin\..\lib\rsyntaxtextarea-2.5.0.jar;C:\Program Files\SmartBear\SoapUI-5.0.0\bin\..\lib\sac-1.3.jar;C:\Program Files\SmartBear\SoapUI-5.0.0\bin\..\lib\saxon-9.1.0.8j.jar;C:\Program Files\SmartBear\SoapUI-5.0.0\bin\..\lib\saxon-dom-9.1.0.8j.jar;C:\Program Files\SmartBear\SoapUI-5.0.0\bin\..\lib\serializer-2.7.1.jar;C:\Program Files\SmartBear\SoapUI-5.0.0\bin\..\lib\servlet-api-2.5-20081211.jar;C:\Program Files\SmartBear\SoapUI-5.0.0\bin\..\lib\slf4j-api-1.6.1.jar;C:\Program Files\SmartBear\SoapUI-5.0.0\bin\..\lib\swingx-soapui.jar;C:\Program Files\SmartBear\SoapUI-5.0.0\bin\..\lib\ws-commons-util-1.0.2.jar;C:\Program Files\SmartBear\SoapUI-5.0.0\bin\..\lib\wsdl4j-1.6.2-fixed.jar;C:\Program Files\SmartBear\SoapUI-5.0.0\bin\..\lib\wss4j-1.6.14.jar;C:\Program Files\SmartBear\SoapUI-5.0.0\bin\..\lib\xalan-2.7.1.jar;C:\Program Files\SmartBear\SoapUI-5.0.0\bin\..\lib\xbean-fixed-2.4.0.jar;C:\Program Files\SmartBear\SoapUI-5.0.0\bin\..\lib\xbean_xpath-2.4.0.jar;C:\Program Files\SmartBear\SoapUI-5.0.0\bin\..\lib\xercesImpl-2.9.1.jar;C:\Program Files\SmartBear\SoapUI-5.0.0\bin\..\lib\xml-apis-1.3.04.jar;C:\Program Files\SmartBear\SoapUI-5.0.0\bin\..\lib\xml-apis-2.9.1.jar;C:\Program Files\SmartBear\SoapUI-5.0.0\bin\..\lib\xmlParserAPIs-2.6.2.jar;C:\Program Files\SmartBear\SoapUI-5.0.0\bin\..\lib\xmlpublic-2.4.0.jar;C:\Program Files\SmartBear\SoapUI-5.0.0\bin\..\lib\xmlsec-1.4.5.jar;C:\Program Files\SmartBear\SoapUI-5.0.0\bin\..\lib\xmltooling-1.3.2-1.jar;C:\Program Files\SmartBear\SoapUI-5.0.0\bin\..\lib\xmlunit-1.2.jar;C:\Program Files\SmartBear\SoapUI-5.0.0\bin\..\lib\xom-1.1.jar;C:\Program Files\SmartBear\SoapUI-5.0.0\bin\..\lib\xstream-1.3.1.jar;C:\Program Files\SmartBear\SoapUI-5.0.0\jre\lib\jfxrt.jar"/><property name="user.name" value="Cloudie"/><property name="soapui.ext.listeners" value="C:\Program Files\SmartBear\SoapUI-5.0.0\bin\listeners"/><property name="java.vm.specification.version" value="1.7"/><property name="sun.java.command" value="com.eviware.soapui.tools.SoapUITestCaseRunner -sExam -cPID001Request01 -r -j -fD:\SoapUI -S D:\SoapUI\HISWebservice-soapui-project.xml"/><property name="java.home" value="C:\Program Files\SmartBear\SoapUI-5.0.0\jre"/><property name="sun.arch.data.model" value="64"/><property name="user.language" value="zh"/><property name="java.specification.vendor" value="Oracle Corporation"/><property name="awt.toolkit" value="sun.awt.windows.WToolkit"/><property name="java.vm.info" value="mixed mode"/><property name="java.version" value="1.7.0_40"/><property name="java.ext.dirs" value="C:\Program Files\SmartBear\SoapUI-5.0.0\jre\lib\ext;C:\Windows\Sun\Java\lib\ext"/><property name="sun.boot.class.path" value="C:\Program Files\SmartBear\SoapUI-5.0.0\jre\lib\resources.jar;C:\Program Files\SmartBear\SoapUI-5.0.0\jre\lib\rt.jar;C:\Program Files\SmartBear\SoapUI-5.0.0\jre\lib\sunrsasign.jar;C:\Program Files\SmartBear\SoapUI-5.0.0\jre\lib\jsse.jar;C:\Program Files\SmartBear\SoapUI-5.0.0\jre\lib\jce.jar;C:\Program Files\SmartBear\SoapUI-5.0.0\jre\lib\charsets.jar;C:\Program Files\SmartBear\SoapUI-5.0.0\jre\lib\jfr.jar;C:\Program Files\SmartBear\SoapUI-5.0.0\jre\classes"/><property name="java.vendor" value="Oracle Corporation"/><property name="file.separator" value="\"/><property name="java.vendor.url.bug" value="http://bugreport.sun.com/bugreport/"/><property name="sun.io.unicode.encoding" value="UnicodeLittle"/><property name="sun.cpu.endian" value="little"/><property name="sun.desktop" value="windows"/><property name="sun.cpu.isalist" value="amd64"/></properties><testcase name="PID001Request01" time="6.909"/></testsuite>